ARM GAS  /tmp/cc0f727q.s 			page 1


   1              		.cpu cortex-m4
   2              		.arch armv7e-m
   3              		.fpu fpv4-sp-d16
   4              		.eabi_attribute 27, 1
   5              		.eabi_attribute 28, 1
   6              		.eabi_attribute 20, 1
   7              		.eabi_attribute 21, 1
   8              		.eabi_attribute 23, 3
   9              		.eabi_attribute 24, 1
  10              		.eabi_attribute 25, 1
  11              		.eabi_attribute 26, 1
  12              		.eabi_attribute 30, 1
  13              		.eabi_attribute 34, 1
  14              		.eabi_attribute 18, 4
  15              		.file	"gpio.c"
  16              		.text
  17              	.Ltext0:
  18              		.cfi_sections	.debug_frame
  19              		.file 1 "Core/Src/gpio.c"
  20              		.section	.text.MX_GPIO_Init,"ax",%progbits
  21              		.align	1
  22              		.global	MX_GPIO_Init
  23              		.syntax unified
  24              		.thumb
  25              		.thumb_func
  27              	MX_GPIO_Init:
  28              	.LFB134:
   1:Core/Src/gpio.c **** /* USER CODE BEGIN Header */
   2:Core/Src/gpio.c **** /**
   3:Core/Src/gpio.c ****   ******************************************************************************
   4:Core/Src/gpio.c ****   * @file    gpio.c
   5:Core/Src/gpio.c ****   * @brief   This file provides code for the configuration
   6:Core/Src/gpio.c ****   *          of all used GPIO pins.
   7:Core/Src/gpio.c ****   ******************************************************************************
   8:Core/Src/gpio.c ****   * @attention
   9:Core/Src/gpio.c ****   *
  10:Core/Src/gpio.c ****   * Copyright (c) 2024 STMicroelectronics.
  11:Core/Src/gpio.c ****   * All rights reserved.
  12:Core/Src/gpio.c ****   *
  13:Core/Src/gpio.c ****   * This software is licensed under terms that can be found in the LICENSE file
  14:Core/Src/gpio.c ****   * in the root directory of this software component.
  15:Core/Src/gpio.c ****   * If no LICENSE file comes with this software, it is provided AS-IS.
  16:Core/Src/gpio.c ****   *
  17:Core/Src/gpio.c ****   ******************************************************************************
  18:Core/Src/gpio.c ****   */
  19:Core/Src/gpio.c **** /* USER CODE END Header */
  20:Core/Src/gpio.c **** 
  21:Core/Src/gpio.c **** /* Includes ------------------------------------------------------------------*/
  22:Core/Src/gpio.c **** #include "gpio.h"
  23:Core/Src/gpio.c **** 
  24:Core/Src/gpio.c **** /* USER CODE BEGIN 0 */
  25:Core/Src/gpio.c **** 
  26:Core/Src/gpio.c **** /* USER CODE END 0 */
  27:Core/Src/gpio.c **** 
  28:Core/Src/gpio.c **** /*----------------------------------------------------------------------------*/
  29:Core/Src/gpio.c **** /* Configure GPIO                                                             */
  30:Core/Src/gpio.c **** /*----------------------------------------------------------------------------*/
ARM GAS  /tmp/cc0f727q.s 			page 2


  31:Core/Src/gpio.c **** /* USER CODE BEGIN 1 */
  32:Core/Src/gpio.c **** 
  33:Core/Src/gpio.c **** /* USER CODE END 1 */
  34:Core/Src/gpio.c **** 
  35:Core/Src/gpio.c **** /** Configure pins as
  36:Core/Src/gpio.c ****         * Analog
  37:Core/Src/gpio.c ****         * Input
  38:Core/Src/gpio.c ****         * Output
  39:Core/Src/gpio.c ****         * EVENT_OUT
  40:Core/Src/gpio.c ****         * EXTI
  41:Core/Src/gpio.c **** */
  42:Core/Src/gpio.c **** void MX_GPIO_Init(void)
  43:Core/Src/gpio.c **** {
  29              		.loc 1 43 1 view -0
  30              		.cfi_startproc
  31              		@ args = 0, pretend = 0, frame = 32
  32              		@ frame_needed = 0, uses_anonymous_args = 0
  33 0000 30B5     		push	{r4, r5, lr}
  34              	.LCFI0:
  35              		.cfi_def_cfa_offset 12
  36              		.cfi_offset 4, -12
  37              		.cfi_offset 5, -8
  38              		.cfi_offset 14, -4
  39 0002 89B0     		sub	sp, sp, #36
  40              	.LCFI1:
  41              		.cfi_def_cfa_offset 48
  44:Core/Src/gpio.c **** 
  45:Core/Src/gpio.c ****   GPIO_InitTypeDef GPIO_InitStruct = {0};
  42              		.loc 1 45 3 view .LVU1
  43              		.loc 1 45 20 is_stmt 0 view .LVU2
  44 0004 0024     		movs	r4, #0
  45 0006 0394     		str	r4, [sp, #12]
  46 0008 0494     		str	r4, [sp, #16]
  47 000a 0594     		str	r4, [sp, #20]
  48 000c 0694     		str	r4, [sp, #24]
  49 000e 0794     		str	r4, [sp, #28]
  46:Core/Src/gpio.c **** 
  47:Core/Src/gpio.c ****   /* GPIO Ports Clock Enable */
  48:Core/Src/gpio.c ****   __HAL_RCC_GPIOH_CLK_ENABLE();
  50              		.loc 1 48 3 is_stmt 1 view .LVU3
  51              	.LBB2:
  52              		.loc 1 48 3 view .LVU4
  53 0010 0194     		str	r4, [sp, #4]
  54              		.loc 1 48 3 view .LVU5
  55 0012 144B     		ldr	r3, .L3
  56 0014 1A6B     		ldr	r2, [r3, #48]
  57 0016 42F08002 		orr	r2, r2, #128
  58 001a 1A63     		str	r2, [r3, #48]
  59              		.loc 1 48 3 view .LVU6
  60 001c 1A6B     		ldr	r2, [r3, #48]
  61 001e 02F08002 		and	r2, r2, #128
  62 0022 0192     		str	r2, [sp, #4]
  63              		.loc 1 48 3 view .LVU7
  64 0024 019A     		ldr	r2, [sp, #4]
  65              	.LBE2:
  66              		.loc 1 48 3 view .LVU8
  49:Core/Src/gpio.c ****   __HAL_RCC_GPIOD_CLK_ENABLE();
ARM GAS  /tmp/cc0f727q.s 			page 3


  67              		.loc 1 49 3 view .LVU9
  68              	.LBB3:
  69              		.loc 1 49 3 view .LVU10
  70 0026 0294     		str	r4, [sp, #8]
  71              		.loc 1 49 3 view .LVU11
  72 0028 1A6B     		ldr	r2, [r3, #48]
  73 002a 42F00802 		orr	r2, r2, #8
  74 002e 1A63     		str	r2, [r3, #48]
  75              		.loc 1 49 3 view .LVU12
  76 0030 1B6B     		ldr	r3, [r3, #48]
  77 0032 03F00803 		and	r3, r3, #8
  78 0036 0293     		str	r3, [sp, #8]
  79              		.loc 1 49 3 view .LVU13
  80 0038 029B     		ldr	r3, [sp, #8]
  81              	.LBE3:
  82              		.loc 1 49 3 view .LVU14
  50:Core/Src/gpio.c **** 
  51:Core/Src/gpio.c ****   /*Configure GPIO pin Output Level */
  52:Core/Src/gpio.c ****   HAL_GPIO_WritePin(GPIOD, GPIO_PIN_12|GPIO_PIN_13|GPIO_PIN_14|GPIO_PIN_15, GPIO_PIN_RESET);
  83              		.loc 1 52 3 view .LVU15
  84 003a 0B4D     		ldr	r5, .L3+4
  85 003c 2246     		mov	r2, r4
  86 003e 4FF47041 		mov	r1, #61440
  87 0042 2846     		mov	r0, r5
  88 0044 FFF7FEFF 		bl	HAL_GPIO_WritePin
  89              	.LVL0:
  53:Core/Src/gpio.c **** 
  54:Core/Src/gpio.c ****   /*Configure GPIO pins : PD12 PD13 PD14 PD15 */
  55:Core/Src/gpio.c ****   GPIO_InitStruct.Pin = GPIO_PIN_12|GPIO_PIN_13|GPIO_PIN_14|GPIO_PIN_15;
  90              		.loc 1 55 3 view .LVU16
  91              		.loc 1 55 23 is_stmt 0 view .LVU17
  92 0048 4FF47043 		mov	r3, #61440
  93 004c 0393     		str	r3, [sp, #12]
  56:Core/Src/gpio.c ****   GPIO_InitStruct.Mode = GPIO_MODE_OUTPUT_PP;
  94              		.loc 1 56 3 is_stmt 1 view .LVU18
  95              		.loc 1 56 24 is_stmt 0 view .LVU19
  96 004e 0123     		movs	r3, #1
  97 0050 0493     		str	r3, [sp, #16]
  57:Core/Src/gpio.c ****   GPIO_InitStruct.Pull = GPIO_NOPULL;
  98              		.loc 1 57 3 is_stmt 1 view .LVU20
  99              		.loc 1 57 24 is_stmt 0 view .LVU21
 100 0052 0594     		str	r4, [sp, #20]
  58:Core/Src/gpio.c ****   GPIO_InitStruct.Speed = GPIO_SPEED_FREQ_VERY_HIGH;
 101              		.loc 1 58 3 is_stmt 1 view .LVU22
 102              		.loc 1 58 25 is_stmt 0 view .LVU23
 103 0054 0323     		movs	r3, #3
 104 0056 0693     		str	r3, [sp, #24]
  59:Core/Src/gpio.c ****   HAL_GPIO_Init(GPIOD, &GPIO_InitStruct);
 105              		.loc 1 59 3 is_stmt 1 view .LVU24
 106 0058 03A9     		add	r1, sp, #12
 107 005a 2846     		mov	r0, r5
 108 005c FFF7FEFF 		bl	HAL_GPIO_Init
 109              	.LVL1:
  60:Core/Src/gpio.c **** 
  61:Core/Src/gpio.c **** }
 110              		.loc 1 61 1 is_stmt 0 view .LVU25
 111 0060 09B0     		add	sp, sp, #36
ARM GAS  /tmp/cc0f727q.s 			page 4


 112              	.LCFI2:
 113              		.cfi_def_cfa_offset 12
 114              		@ sp needed
 115 0062 30BD     		pop	{r4, r5, pc}
 116              	.L4:
 117              		.align	2
 118              	.L3:
 119 0064 00380240 		.word	1073887232
 120 0068 000C0240 		.word	1073875968
 121              		.cfi_endproc
 122              	.LFE134:
 124              		.section	.text.gpio_led_state,"ax",%progbits
 125              		.align	1
 126              		.global	gpio_led_state
 127              		.syntax unified
 128              		.thumb
 129              		.thumb_func
 131              	gpio_led_state:
 132              	.LVL2:
 133              	.LFB135:
  62:Core/Src/gpio.c **** 
  63:Core/Src/gpio.c **** /* USER CODE BEGIN 2 */
  64:Core/Src/gpio.c **** void gpio_led_state ( uint8_t LED_ID , uint8_t state ) {
 134              		.loc 1 64 56 is_stmt 1 view -0
 135              		.cfi_startproc
 136              		@ args = 0, pretend = 0, frame = 0
 137              		@ frame_needed = 0, uses_anonymous_args = 0
 138              		.loc 1 64 56 is_stmt 0 view .LVU27
 139 0000 08B5     		push	{r3, lr}
 140              	.LCFI3:
 141              		.cfi_def_cfa_offset 8
 142              		.cfi_offset 3, -8
 143              		.cfi_offset 14, -4
  65:Core/Src/gpio.c **** GPIO_PinState pinState ;
 144              		.loc 1 65 1 is_stmt 1 view .LVU28
  66:Core/Src/gpio.c **** 
  67:Core/Src/gpio.c **** pinState = ( state == 1) ? GPIO_PIN_SET : GPIO_PIN_RESET ;
 145              		.loc 1 67 1 view .LVU29
 146              		.loc 1 67 41 is_stmt 0 view .LVU30
 147 0002 0129     		cmp	r1, #1
 148 0004 14BF     		ite	ne
 149 0006 0022     		movne	r2, #0
 150 0008 0122     		moveq	r2, #1
 151              	.LVL3:
  68:Core/Src/gpio.c **** switch ( LED_ID ) {
 152              		.loc 1 68 1 is_stmt 1 view .LVU31
 153 000a 0138     		subs	r0, r0, #1
 154              	.LVL4:
 155              		.loc 1 68 1 is_stmt 0 view .LVU32
 156 000c 0328     		cmp	r0, #3
 157 000e 08D8     		bhi	.L5
 158 0010 DFE800F0 		tbb	[pc, r0]
 159              	.L8:
 160 0014 02       		.byte	(.L11-.L8)/2
 161 0015 08       		.byte	(.L10-.L8)/2
 162 0016 0E       		.byte	(.L9-.L8)/2
 163 0017 14       		.byte	(.L7-.L8)/2
ARM GAS  /tmp/cc0f727q.s 			page 5


 164              		.p2align 1
 165              	.L11:
  69:Core/Src/gpio.c **** case LED3_ORANGE_ID :
  70:Core/Src/gpio.c **** HAL_GPIO_WritePin ( GPIOD , LED3_ORANGE_PinNumber , pinState ) ;
 166              		.loc 1 70 1 is_stmt 1 view .LVU33
 167 0018 4FF40051 		mov	r1, #8192
 168              	.LVL5:
 169              		.loc 1 70 1 is_stmt 0 view .LVU34
 170 001c 0A48     		ldr	r0, .L14
 171              	.LVL6:
 172              		.loc 1 70 1 view .LVU35
 173 001e FFF7FEFF 		bl	HAL_GPIO_WritePin
 174              	.LVL7:
  71:Core/Src/gpio.c **** break ;
 175              		.loc 1 71 1 is_stmt 1 view .LVU36
 176              	.L5:
  72:Core/Src/gpio.c **** case LED4_GREEN_ID :
  73:Core/Src/gpio.c **** HAL_GPIO_WritePin ( GPIOD , LED4_GREEN_PinNumber , pinState );
  74:Core/Src/gpio.c **** break ;
  75:Core/Src/gpio.c **** case LED5_RED_ID :
  76:Core/Src/gpio.c **** HAL_GPIO_WritePin ( GPIOD , LED5_RED_PinNumber , pinState );
  77:Core/Src/gpio.c **** break ;
  78:Core/Src/gpio.c **** case LED6_BLUE_ID :
  79:Core/Src/gpio.c **** HAL_GPIO_WritePin ( GPIOD , LED6_BLUE_PinNumber , pinState );
  80:Core/Src/gpio.c **** break ;
  81:Core/Src/gpio.c **** }
  82:Core/Src/gpio.c **** }
 177              		.loc 1 82 1 is_stmt 0 view .LVU37
 178 0022 08BD     		pop	{r3, pc}
 179              	.LVL8:
 180              	.L10:
  73:Core/Src/gpio.c **** break ;
 181              		.loc 1 73 1 is_stmt 1 view .LVU38
 182 0024 4FF48051 		mov	r1, #4096
 183              	.LVL9:
  73:Core/Src/gpio.c **** break ;
 184              		.loc 1 73 1 is_stmt 0 view .LVU39
 185 0028 0748     		ldr	r0, .L14
 186 002a FFF7FEFF 		bl	HAL_GPIO_WritePin
 187              	.LVL10:
  74:Core/Src/gpio.c **** case LED5_RED_ID :
 188              		.loc 1 74 1 is_stmt 1 view .LVU40
 189 002e F8E7     		b	.L5
 190              	.LVL11:
 191              	.L9:
  76:Core/Src/gpio.c **** break ;
 192              		.loc 1 76 1 view .LVU41
 193 0030 4FF48041 		mov	r1, #16384
 194              	.LVL12:
  76:Core/Src/gpio.c **** break ;
 195              		.loc 1 76 1 is_stmt 0 view .LVU42
 196 0034 0448     		ldr	r0, .L14
 197 0036 FFF7FEFF 		bl	HAL_GPIO_WritePin
 198              	.LVL13:
  77:Core/Src/gpio.c **** case LED6_BLUE_ID :
 199              		.loc 1 77 1 is_stmt 1 view .LVU43
 200 003a F2E7     		b	.L5
ARM GAS  /tmp/cc0f727q.s 			page 6


 201              	.LVL14:
 202              	.L7:
  79:Core/Src/gpio.c **** break ;
 203              		.loc 1 79 1 view .LVU44
 204 003c 4FF40041 		mov	r1, #32768
 205              	.LVL15:
  79:Core/Src/gpio.c **** break ;
 206              		.loc 1 79 1 is_stmt 0 view .LVU45
 207 0040 0148     		ldr	r0, .L14
 208 0042 FFF7FEFF 		bl	HAL_GPIO_WritePin
 209              	.LVL16:
  80:Core/Src/gpio.c **** }
 210              		.loc 1 80 1 is_stmt 1 view .LVU46
 211              		.loc 1 82 1 is_stmt 0 view .LVU47
 212 0046 ECE7     		b	.L5
 213              	.L15:
 214              		.align	2
 215              	.L14:
 216 0048 000C0240 		.word	1073875968
 217              		.cfi_endproc
 218              	.LFE135:
 220              		.text
 221              	.Letext0:
 222              		.file 2 "/usr/lib/gcc/arm-none-eabi/13.2.1/include/stdint.h"
 223              		.file 3 "Drivers/CMSIS/Device/ST/STM32F4xx/Include/stm32f429xx.h"
 224              		.file 4 "Drivers/STM32F4xx_HAL_Driver/Inc/stm32f4xx_hal_gpio.h"
ARM GAS  /tmp/cc0f727q.s 			page 7


DEFINED SYMBOLS
                            *ABS*:00000000 gpio.c
     /tmp/cc0f727q.s:21     .text.MX_GPIO_Init:00000000 $t
     /tmp/cc0f727q.s:27     .text.MX_GPIO_Init:00000000 MX_GPIO_Init
     /tmp/cc0f727q.s:119    .text.MX_GPIO_Init:00000064 $d
     /tmp/cc0f727q.s:125    .text.gpio_led_state:00000000 $t
     /tmp/cc0f727q.s:131    .text.gpio_led_state:00000000 gpio_led_state
     /tmp/cc0f727q.s:160    .text.gpio_led_state:00000014 $d
     /tmp/cc0f727q.s:164    .text.gpio_led_state:00000018 $t
     /tmp/cc0f727q.s:216    .text.gpio_led_state:00000048 $d

UNDEFINED SYMBOLS
HAL_GPIO_WritePin
HAL_GPIO_Init
